<?xml version="1.0" encoding="UTF-8"?>
<!-- Generated by org.testng.reporters.JUnitReportReporter -->
<testsuite skipped="0" hostname="user-PC1" name="com.tranquil.testcases.SalesInvoiceAdjustment" tests="1" failures="0" timestamp="2020-03-05T16:09:32 IST" time="43.151" errors="0">
  <testcase name="save_adjustment" time="43.151" classname="com.tranquil.testcases.SalesInvoiceAdjustment"/>
</testsuite> <!-- com.tranquil.testcases.SalesInvoiceAdjustment -->
