<?xml version="1.0" encoding="UTF-8"?>
<!-- Generated by org.testng.reporters.JUnitReportReporter -->
<testsuite skipped="0" hostname="user-PC1" name="com.tranquil.testcases.ItemServiceSave" tests="1" failures="0" timestamp="2020-01-10T14:34:34 IST" time="22.251" errors="0">
  <testcase name="saveServiceItem" time="22.251" classname="com.tranquil.testcases.ItemServiceSave"/>
</testsuite> <!-- com.tranquil.testcases.ItemServiceSave -->
