<?xml version="1.0" encoding="UTF-8"?>
<!-- Generated by org.testng.reporters.JUnitReportReporter -->
<testsuite skipped="0" hostname="user-PC1" name="com.tranquil.testcases.DebitNoteSave" tests="1" failures="0" timestamp="2020-01-10T14:22:21 IST" time="38.158" errors="0">
  <testcase name="savedebitnote" time="38.158" classname="com.tranquil.testcases.DebitNoteSave"/>
</testsuite> <!-- com.tranquil.testcases.DebitNoteSave -->
