<?xml version="1.0" encoding="UTF-8"?>
<!-- Generated by org.testng.reporters.JUnitReportReporter -->
<testsuite skipped="1" hostname="user-PC1" name="com.tranquil.testcases.CreditNoteSave" tests="2" failures="0" timestamp="2020-01-17T14:39:02 IST" time="21.635" errors="0">
  <testcase name="creditnoteview" time="21.635" classname="com.tranquil.testcases.CreditNoteSave"/>
  <testcase name="savecreditnote" classname="com.tranquil.testcases.CreditNoteSave">
    <skipped/>
  </testcase> <!-- savecreditnote -->
</testsuite> <!-- com.tranquil.testcases.CreditNoteSave -->
