<?xml version="1.0" encoding="UTF-8"?>
<!-- Generated by org.testng.reporters.JUnitReportReporter -->
<testsuite hostname="sitnclt07" failures="0" tests="1" name="com.tranquil.testcases.PuchaseRequestSave" time="0.077" errors="0" timestamp="20 Aug 2019 13:00:36 GMT">
  <testcase classname="com.tranquil.testcases.PuchaseRequestSave" name="savePurchaseRequest" time="0.077"/>
</testsuite> <!-- com.tranquil.testcases.PuchaseRequestSave -->
