<?xml version="1.0" encoding="UTF-8"?>
<!-- Generated by org.testng.reporters.JUnitReportReporter -->
<testsuite skipped="0" hostname="user-PC1" name="com.tranquil.testcases.OverviewComparison" tests="1" failures="0" timestamp="2020-02-19T17:39:35 IST" time="22.582" errors="0">
  <testcase name="overview_grossprofitcheck" time="22.582" classname="com.tranquil.testcases.OverviewComparison"/>
</testsuite> <!-- com.tranquil.testcases.OverviewComparison -->
