<?xml version="1.0" encoding="UTF-8"?>
<!-- Generated by org.testng.reporters.JUnitReportReporter -->
<testsuite skipped="0" hostname="user-PC1" name="com.tranquil.testcases.Contra" tests="1" failures="0" timestamp="2020-01-21T16:41:59 IST" time="18.539" errors="0">
  <testcase name="contra" time="18.539" classname="com.tranquil.testcases.Contra"/>
</testsuite> <!-- com.tranquil.testcases.Contra -->
