<?xml version="1.0" encoding="UTF-8"?>
<!-- Generated by org.testng.reporters.JUnitReportReporter -->
<testsuite skipped="0" hostname="user-PC1" name="com.hrms.testcases.Employeefiles" tests="2" failures="0" timestamp="2020-01-22T10:44:03 IST" time="35.556" errors="0">
  <testcase name="employee_filesview" time="16.252" classname="com.hrms.testcases.Employeefiles"/>
  <testcase name="employeefilesadd" time="19.304" classname="com.hrms.testcases.Employeefiles"/>
</testsuite> <!-- com.hrms.testcases.Employeefiles -->
