<?xml version="1.0" encoding="UTF-8"?>
<!-- Generated by org.testng.reporters.JUnitReportReporter -->
<testsuite skipped="0" hostname="user-PC1" name="com.tranquil.testcases.SalesInvoiceBulkEntry" tests="148" failures="0" timestamp="2020-07-06T17:30:20 IST" time="6123.478" errors="0">
  <testcase name="uploaditems" time="43.272" classname="com.tranquil.testcases.SalesInvoiceBulkEntry"/>
  <testcase name="uploaditems" time="42.674" classname="com.tranquil.testcases.SalesInvoiceBulkEntry"/>
  <testcase name="uploaditems" time="43.678" classname="com.tranquil.testcases.SalesInvoiceBulkEntry"/>
  <testcase name="uploaditems" time="41.070" classname="com.tranquil.testcases.SalesInvoiceBulkEntry"/>
  <testcase name="uploaditems" time="41.859" classname="com.tranquil.testcases.SalesInvoiceBulkEntry"/>
  <testcase name="uploaditems" time="40.073" classname="com.tranquil.testcases.SalesInvoiceBulkEntry"/>
  <testcase name="uploaditems" time="43.417" classname="com.tranquil.testcases.SalesInvoiceBulkEntry"/>
  <testcase name="uploaditems" time="40.137" classname="com.tranquil.testcases.SalesInvoiceBulkEntry"/>
  <testcase name="uploaditems" time="41.470" classname="com.tranquil.testcases.SalesInvoiceBulkEntry"/>
  <testcase name="uploaditems" time="41.783" classname="com.tranquil.testcases.SalesInvoiceBulkEntry"/>
  <testcase name="uploaditems" time="42.326" classname="com.tranquil.testcases.SalesInvoiceBulkEntry"/>
  <testcase name="uploaditems" time="42.227" classname="com.tranquil.testcases.SalesInvoiceBulkEntry"/>
  <testcase name="uploaditems" time="42.224" classname="com.tranquil.testcases.SalesInvoiceBulkEntry"/>
  <testcase name="uploaditems" time="42.994" classname="com.tranquil.testcases.SalesInvoiceBulkEntry"/>
  <testcase name="uploaditems" time="42.687" classname="com.tranquil.testcases.SalesInvoiceBulkEntry"/>
  <testcase name="uploaditems" time="41.185" classname="com.tranquil.testcases.SalesInvoiceBulkEntry"/>
  <testcase name="uploaditems" time="43.325" classname="com.tranquil.testcases.SalesInvoiceBulkEntry"/>
  <testcase name="uploaditems" time="40.114" classname="com.tranquil.testcases.SalesInvoiceBulkEntry"/>
  <testcase name="uploaditems" time="39.042" classname="com.tranquil.testcases.SalesInvoiceBulkEntry"/>
  <testcase name="uploaditems" time="40.192" classname="com.tranquil.testcases.SalesInvoiceBulkEntry"/>
  <testcase name="uploaditems" time="41.774" classname="com.tranquil.testcases.SalesInvoiceBulkEntry"/>
  <testcase name="uploaditems" time="39.788" classname="com.tranquil.testcases.SalesInvoiceBulkEntry"/>
  <testcase name="uploaditems" time="40.942" classname="com.tranquil.testcases.SalesInvoiceBulkEntry"/>
  <testcase name="uploaditems" time="42.415" classname="com.tranquil.testcases.SalesInvoiceBulkEntry"/>
  <testcase name="uploaditems" time="41.848" classname="com.tranquil.testcases.SalesInvoiceBulkEntry"/>
  <testcase name="uploaditems" time="43.213" classname="com.tranquil.testcases.SalesInvoiceBulkEntry"/>
  <testcase name="uploaditems" time="40.088" classname="com.tranquil.testcases.SalesInvoiceBulkEntry"/>
  <testcase name="uploaditems" time="44.455" classname="com.tranquil.testcases.SalesInvoiceBulkEntry"/>
  <testcase name="uploaditems" time="39.173" classname="com.tranquil.testcases.SalesInvoiceBulkEntry"/>
  <testcase name="uploaditems" time="42.956" classname="com.tranquil.testcases.SalesInvoiceBulkEntry"/>
  <testcase name="uploaditems" time="39.671" classname="com.tranquil.testcases.SalesInvoiceBulkEntry"/>
  <testcase name="uploaditems" time="41.759" classname="com.tranquil.testcases.SalesInvoiceBulkEntry"/>
  <testcase name="uploaditems" time="42.428" classname="com.tranquil.testcases.SalesInvoiceBulkEntry"/>
  <testcase name="uploaditems" time="43.032" classname="com.tranquil.testcases.SalesInvoiceBulkEntry"/>
  <testcase name="uploaditems" time="40.030" classname="com.tranquil.testcases.SalesInvoiceBulkEntry"/>
  <testcase name="uploaditems" time="40.048" classname="com.tranquil.testcases.SalesInvoiceBulkEntry"/>
  <testcase name="uploaditems" time="43.031" classname="com.tranquil.testcases.SalesInvoiceBulkEntry"/>
  <testcase name="uploaditems" time="41.700" classname="com.tranquil.testcases.SalesInvoiceBulkEntry"/>
  <testcase name="uploaditems" time="40.683" classname="com.tranquil.testcases.SalesInvoiceBulkEntry"/>
  <testcase name="uploaditems" time="42.624" classname="com.tranquil.testcases.SalesInvoiceBulkEntry"/>
  <testcase name="uploaditems" time="43.514" classname="com.tranquil.testcases.SalesInvoiceBulkEntry"/>
  <testcase name="uploaditems" time="40.159" classname="com.tranquil.testcases.SalesInvoiceBulkEntry"/>
  <testcase name="uploaditems" time="41.066" classname="com.tranquil.testcases.SalesInvoiceBulkEntry"/>
  <testcase name="uploaditems" time="39.066" classname="com.tranquil.testcases.SalesInvoiceBulkEntry"/>
  <testcase name="uploaditems" time="43.542" classname="com.tranquil.testcases.SalesInvoiceBulkEntry"/>
  <testcase name="uploaditems" time="40.124" classname="com.tranquil.testcases.SalesInvoiceBulkEntry"/>
  <testcase name="uploaditems" time="40.037" classname="com.tranquil.testcases.SalesInvoiceBulkEntry"/>
  <testcase name="uploaditems" time="40.215" classname="com.tranquil.testcases.SalesInvoiceBulkEntry"/>
  <testcase name="uploaditems" time="40.604" classname="com.tranquil.testcases.SalesInvoiceBulkEntry"/>
  <testcase name="uploaditems" time="40.488" classname="com.tranquil.testcases.SalesInvoiceBulkEntry"/>
  <testcase name="uploaditems" time="42.019" classname="com.tranquil.testcases.SalesInvoiceBulkEntry"/>
  <testcase name="uploaditems" time="41.948" classname="com.tranquil.testcases.SalesInvoiceBulkEntry"/>
  <testcase name="uploaditems" time="43.684" classname="com.tranquil.testcases.SalesInvoiceBulkEntry"/>
  <testcase name="uploaditems" time="40.199" classname="com.tranquil.testcases.SalesInvoiceBulkEntry"/>
  <testcase name="uploaditems" time="41.946" classname="com.tranquil.testcases.SalesInvoiceBulkEntry"/>
  <testcase name="uploaditems" time="41.880" classname="com.tranquil.testcases.SalesInvoiceBulkEntry"/>
  <testcase name="uploaditems" time="42.054" classname="com.tranquil.testcases.SalesInvoiceBulkEntry"/>
  <testcase name="uploaditems" time="39.308" classname="com.tranquil.testcases.SalesInvoiceBulkEntry"/>
  <testcase name="uploaditems" time="43.055" classname="com.tranquil.testcases.SalesInvoiceBulkEntry"/>
  <testcase name="uploaditems" time="40.185" classname="com.tranquil.testcases.SalesInvoiceBulkEntry"/>
  <testcase name="uploaditems" time="39.797" classname="com.tranquil.testcases.SalesInvoiceBulkEntry"/>
  <testcase name="uploaditems" time="43.149" classname="com.tranquil.testcases.SalesInvoiceBulkEntry"/>
  <testcase name="uploaditems" time="42.760" classname="com.tranquil.testcases.SalesInvoiceBulkEntry"/>
  <testcase name="uploaditems" time="43.164" classname="com.tranquil.testcases.SalesInvoiceBulkEntry"/>
  <testcase name="uploaditems" time="42.141" classname="com.tranquil.testcases.SalesInvoiceBulkEntry"/>
  <testcase name="uploaditems" time="43.122" classname="com.tranquil.testcases.SalesInvoiceBulkEntry"/>
  <testcase name="uploaditems" time="42.125" classname="com.tranquil.testcases.SalesInvoiceBulkEntry"/>
  <testcase name="uploaditems" time="43.060" classname="com.tranquil.testcases.SalesInvoiceBulkEntry"/>
  <testcase name="uploaditems" time="42.635" classname="com.tranquil.testcases.SalesInvoiceBulkEntry"/>
  <testcase name="uploaditems" time="40.387" classname="com.tranquil.testcases.SalesInvoiceBulkEntry"/>
  <testcase name="uploaditems" time="41.261" classname="com.tranquil.testcases.SalesInvoiceBulkEntry"/>
  <testcase name="uploaditems" time="42.455" classname="com.tranquil.testcases.SalesInvoiceBulkEntry"/>
  <testcase name="uploaditems" time="40.597" classname="com.tranquil.testcases.SalesInvoiceBulkEntry"/>
  <testcase name="uploaditems" time="43.638" classname="com.tranquil.testcases.SalesInvoiceBulkEntry"/>
  <testcase name="uploaditems" time="43.595" classname="com.tranquil.testcases.SalesInvoiceBulkEntry"/>
  <testcase name="uploaditems" time="39.886" classname="com.tranquil.testcases.SalesInvoiceBulkEntry"/>
  <testcase name="uploaditems" time="42.730" classname="com.tranquil.testcases.SalesInvoiceBulkEntry"/>
  <testcase name="uploaditems" time="43.266" classname="com.tranquil.testcases.SalesInvoiceBulkEntry"/>
  <testcase name="uploaditems" time="42.273" classname="com.tranquil.testcases.SalesInvoiceBulkEntry"/>
  <testcase name="uploaditems" time="40.288" classname="com.tranquil.testcases.SalesInvoiceBulkEntry"/>
  <testcase name="uploaditems" time="43.629" classname="com.tranquil.testcases.SalesInvoiceBulkEntry"/>
  <testcase name="uploaditems" time="41.262" classname="com.tranquil.testcases.SalesInvoiceBulkEntry"/>
  <testcase name="uploaditems" time="40.380" classname="com.tranquil.testcases.SalesInvoiceBulkEntry"/>
  <testcase name="uploaditems" time="39.158" classname="com.tranquil.testcases.SalesInvoiceBulkEntry"/>
  <testcase name="uploaditems" time="40.924" classname="com.tranquil.testcases.SalesInvoiceBulkEntry"/>
  <testcase name="uploaditems" time="41.536" classname="com.tranquil.testcases.SalesInvoiceBulkEntry"/>
  <testcase name="uploaditems" time="39.975" classname="com.tranquil.testcases.SalesInvoiceBulkEntry"/>
  <testcase name="uploaditems" time="43.152" classname="com.tranquil.testcases.SalesInvoiceBulkEntry"/>
  <testcase name="uploaditems" time="39.994" classname="com.tranquil.testcases.SalesInvoiceBulkEntry"/>
  <testcase name="uploaditems" time="40.247" classname="com.tranquil.testcases.SalesInvoiceBulkEntry"/>
  <testcase name="uploaditems" time="42.132" classname="com.tranquil.testcases.SalesInvoiceBulkEntry"/>
  <testcase name="uploaditems" time="41.109" classname="com.tranquil.testcases.SalesInvoiceBulkEntry"/>
  <testcase name="uploaditems" time="39.352" classname="com.tranquil.testcases.SalesInvoiceBulkEntry"/>
  <testcase name="uploaditems" time="39.763" classname="com.tranquil.testcases.SalesInvoiceBulkEntry"/>
  <testcase name="uploaditems" time="40.174" classname="com.tranquil.testcases.SalesInvoiceBulkEntry"/>
  <testcase name="uploaditems" time="41.768" classname="com.tranquil.testcases.SalesInvoiceBulkEntry"/>
  <testcase name="uploaditems" time="42.843" classname="com.tranquil.testcases.SalesInvoiceBulkEntry"/>
  <testcase name="uploaditems" time="39.314" classname="com.tranquil.testcases.SalesInvoiceBulkEntry"/>
  <testcase name="uploaditems" time="43.045" classname="com.tranquil.testcases.SalesInvoiceBulkEntry"/>
  <testcase name="uploaditems" time="42.402" classname="com.tranquil.testcases.SalesInvoiceBulkEntry"/>
  <testcase name="uploaditems" time="42.294" classname="com.tranquil.testcases.SalesInvoiceBulkEntry"/>
  <testcase name="uploaditems" time="39.093" classname="com.tranquil.testcases.SalesInvoiceBulkEntry"/>
  <testcase name="uploaditems" time="39.119" classname="com.tranquil.testcases.SalesInvoiceBulkEntry"/>
  <testcase name="uploaditems" time="39.070" classname="com.tranquil.testcases.SalesInvoiceBulkEntry"/>
  <testcase name="uploaditems" time="41.105" classname="com.tranquil.testcases.SalesInvoiceBulkEntry"/>
  <testcase name="uploaditems" time="41.888" classname="com.tranquil.testcases.SalesInvoiceBulkEntry"/>
  <testcase name="uploaditems" time="39.535" classname="com.tranquil.testcases.SalesInvoiceBulkEntry"/>
  <testcase name="uploaditems" time="42.137" classname="com.tranquil.testcases.SalesInvoiceBulkEntry"/>
  <testcase name="uploaditems" time="41.225" classname="com.tranquil.testcases.SalesInvoiceBulkEntry"/>
  <testcase name="uploaditems" time="42.987" classname="com.tranquil.testcases.SalesInvoiceBulkEntry"/>
  <testcase name="uploaditems" time="41.685" classname="com.tranquil.testcases.SalesInvoiceBulkEntry"/>
  <testcase name="uploaditems" time="41.830" classname="com.tranquil.testcases.SalesInvoiceBulkEntry"/>
  <testcase name="uploaditems" time="41.412" classname="com.tranquil.testcases.SalesInvoiceBulkEntry"/>
  <testcase name="uploaditems" time="42.951" classname="com.tranquil.testcases.SalesInvoiceBulkEntry"/>
  <testcase name="uploaditems" time="39.229" classname="com.tranquil.testcases.SalesInvoiceBulkEntry"/>
  <testcase name="uploaditems" time="39.264" classname="com.tranquil.testcases.SalesInvoiceBulkEntry"/>
  <testcase name="uploaditems" time="42.745" classname="com.tranquil.testcases.SalesInvoiceBulkEntry"/>
  <testcase name="uploaditems" time="39.582" classname="com.tranquil.testcases.SalesInvoiceBulkEntry"/>
  <testcase name="uploaditems" time="43.587" classname="com.tranquil.testcases.SalesInvoiceBulkEntry"/>
  <testcase name="uploaditems" time="39.398" classname="com.tranquil.testcases.SalesInvoiceBulkEntry"/>
  <testcase name="uploaditems" time="39.223" classname="com.tranquil.testcases.SalesInvoiceBulkEntry"/>
  <testcase name="uploaditems" time="41.010" classname="com.tranquil.testcases.SalesInvoiceBulkEntry"/>
  <testcase name="uploaditems" time="39.520" classname="com.tranquil.testcases.SalesInvoiceBulkEntry"/>
  <testcase name="uploaditems" time="39.895" classname="com.tranquil.testcases.SalesInvoiceBulkEntry"/>
  <testcase name="uploaditems" time="41.887" classname="com.tranquil.testcases.SalesInvoiceBulkEntry"/>
  <testcase name="uploaditems" time="39.360" classname="com.tranquil.testcases.SalesInvoiceBulkEntry"/>
  <testcase name="uploaditems" time="40.210" classname="com.tranquil.testcases.SalesInvoiceBulkEntry"/>
  <testcase name="uploaditems" time="40.281" classname="com.tranquil.testcases.SalesInvoiceBulkEntry"/>
  <testcase name="uploaditems" time="39.523" classname="com.tranquil.testcases.SalesInvoiceBulkEntry"/>
  <testcase name="uploaditems" time="40.222" classname="com.tranquil.testcases.SalesInvoiceBulkEntry"/>
  <testcase name="uploaditems" time="41.809" classname="com.tranquil.testcases.SalesInvoiceBulkEntry"/>
  <testcase name="uploaditems" time="39.076" classname="com.tranquil.testcases.SalesInvoiceBulkEntry"/>
  <testcase name="uploaditems" time="40.377" classname="com.tranquil.testcases.SalesInvoiceBulkEntry"/>
  <testcase name="uploaditems" time="43.031" classname="com.tranquil.testcases.SalesInvoiceBulkEntry"/>
  <testcase name="uploaditems" time="43.348" classname="com.tranquil.testcases.SalesInvoiceBulkEntry"/>
  <testcase name="uploaditems" time="41.058" classname="com.tranquil.testcases.SalesInvoiceBulkEntry"/>
  <testcase name="uploaditems" time="43.181" classname="com.tranquil.testcases.SalesInvoiceBulkEntry"/>
  <testcase name="uploaditems" time="41.876" classname="com.tranquil.testcases.SalesInvoiceBulkEntry"/>
  <testcase name="uploaditems" time="40.471" classname="com.tranquil.testcases.SalesInvoiceBulkEntry"/>
  <testcase name="uploaditems" time="40.376" classname="com.tranquil.testcases.SalesInvoiceBulkEntry"/>
  <testcase name="uploaditems" time="42.537" classname="com.tranquil.testcases.SalesInvoiceBulkEntry"/>
  <testcase name="uploaditems" time="39.316" classname="com.tranquil.testcases.SalesInvoiceBulkEntry"/>
  <testcase name="uploaditems" time="42.798" classname="com.tranquil.testcases.SalesInvoiceBulkEntry"/>
  <testcase name="uploaditems" time="43.428" classname="com.tranquil.testcases.SalesInvoiceBulkEntry"/>
  <testcase name="uploaditems" time="40.603" classname="com.tranquil.testcases.SalesInvoiceBulkEntry"/>
  <testcase name="uploaditems" time="42.319" classname="com.tranquil.testcases.SalesInvoiceBulkEntry"/>
  <testcase name="uploaditems" time="39.903" classname="com.tranquil.testcases.SalesInvoiceBulkEntry"/>
  <testcase name="uploaditems" time="39.716" classname="com.tranquil.testcases.SalesInvoiceBulkEntry"/>
</testsuite> <!-- com.tranquil.testcases.SalesInvoiceBulkEntry -->
