<?xml version="1.0" encoding="UTF-8"?>
<!-- Generated by org.testng.reporters.JUnitReportReporter -->
<testsuite skipped="2" hostname="user-PC1" name="com.hrms.testcases.SalaryRevision" tests="3" failures="0" timestamp="2020-02-19T12:21:52 IST" time="26.460" errors="0">
  <testcase name="testcalendar" time="26.460" classname="com.hrms.testcases.SalaryRevision"/>
  <testcase name="Change_salary" classname="com.hrms.testcases.SalaryRevision">
    <skipped/>
  </testcase> <!-- Change_salary -->
  <testcase name="salary_revisionview" classname="com.hrms.testcases.SalaryRevision">
    <skipped/>
  </testcase> <!-- salary_revisionview -->
</testsuite> <!-- com.hrms.testcases.SalaryRevision -->
