<?xml version="1.0" encoding="UTF-8"?>
<!-- Generated by org.testng.reporters.JUnitReportReporter -->
<testsuite hostname="user-PC1" failures="0" tests="1" name="com.tranquil.testcases.SalesEnquiry" time="5.862" errors="0" timestamp="14 Feb 2019 11:30:35 GMT" skipped="0">
  <testcase classname="com.tranquil.testcases.SalesEnquiry" name="purchaserequestsave" time="5.862"/>
</testsuite> <!-- com.tranquil.testcases.SalesEnquiry -->
