<?xml version="1.0" encoding="UTF-8"?>
<!-- Generated by org.testng.reporters.JUnitReportReporter -->
<testsuite hostname="sitnclt07" failures="0" tests="1" name="com.tranquil.testcases.ManualJournalSave" time="0.054" errors="0" timestamp="20 Aug 2019 10:49:37 GMT">
  <testcase classname="com.tranquil.testcases.ManualJournalSave" name="saveManualJournal" time="0.054"/>
</testsuite> <!-- com.tranquil.testcases.ManualJournalSave -->
