<?xml version="1.0" encoding="UTF-8"?>
<!-- Generated by org.testng.reporters.JUnitReportReporter -->
<testsuite skipped="0" hostname="user-PC1" name="com.tranquil.testcases.RFQSave" tests="1" failures="0" timestamp="2020-01-10T14:41:52 IST" time="16.839" errors="0">
  <testcase name="saveRFQ" time="16.839" classname="com.tranquil.testcases.RFQSave"/>
</testsuite> <!-- com.tranquil.testcases.RFQSave -->
