<?xml version="1.0" encoding="UTF-8"?>
<!-- Generated by org.testng.reporters.JUnitReportReporter -->
<testsuite hostname="user-PC1" failures="0" tests="1" name="com.tranquil.testcases.Quota" time="53.433" errors="0" timestamp="17 May 2019 07:07:44 GMT" skipped="0">
  <testcase classname="com.tranquil.testcases.Quota" name="save_quotition" time="53.433"/>
</testsuite> <!-- com.tranquil.testcases.Quota -->
