<?xml version="1.0" encoding="UTF-8"?>
<!-- Generated by org.testng.reporters.JUnitReportReporter -->
<testsuite skipped="1" hostname="user-PC1" name="com.tranquil.testcases.QuotationItemsOrderCheck" tests="1" failures="0" timestamp="2020-01-10T14:38:52 IST" time="0.000" errors="0">
  <testcase name="uploaditems" time="0.000" classname="com.tranquil.testcases.QuotationItemsOrderCheck">
    <skipped/>
  </testcase> <!-- uploaditems -->
</testsuite> <!-- com.tranquil.testcases.QuotationItemsOrderCheck -->
